2026-06-03 06:45:12 - sqlalchemy.engine.Engine - INFO - base.py:2701 - BEGIN (implicit)
2026-06-03 06:45:12 - sqlalchemy.engine.Engine - INFO - base.py:1846 - PRAGMA main.table_info("users")
2026-06-03 06:45:12 - sqlalchemy.engine.Engine - INFO - base.py:1846 - [raw sql] ()
2026-06-03 06:45:12 - sqlalchemy.engine.Engine - INFO - base.py:1846 - PRAGMA temp.table_info("users")
2026-06-03 06:45:12 - sqlalchemy.engine.Engine - INFO - base.py:1846 - [raw sql] ()
2026-06-03 06:45:12 - sqlalchemy.engine.Engine - INFO - base.py:1846 - PRAGMA main.table_info("robots")
2026-06-03 06:45:12 - sqlalchemy.engine.Engine - INFO - base.py:1846 - [raw sql] ()
2026-06-03 06:45:12 - sqlalchemy.engine.Engine - INFO - base.py:1846 - PRAGMA temp.table_info("robots")
2026-06-03 06:45:12 - sqlalchemy.engine.Engine - INFO - base.py:1846 - [raw sql] ()
2026-06-03 06:45:12 - sqlalchemy.engine.Engine - INFO - base.py:1846 - 
CREATE TABLE users (
	id INTEGER NOT NULL, 
	email VARCHAR(255) NOT NULL, 
	hashed_password VARCHAR(255) NOT NULL, 
	is_active BOOLEAN, 
	refresh_token_hash VARCHAR(64), 
	refresh_token_expires_at DATETIME, 
	created_at DATETIME DEFAULT (CURRENT_TIMESTAMP), 
	PRIMARY KEY (id)
)


2026-06-03 06:45:12 - sqlalchemy.engine.Engine - INFO - base.py:1846 - [no key 0.00011s] ()
2026-06-03 06:45:12 - sqlalchemy.engine.Engine - INFO - base.py:1846 - CREATE INDEX ix_users_id ON users (id)
2026-06-03 06:45:12 - sqlalchemy.engine.Engine - INFO - base.py:1846 - [no key 0.00020s] ()
2026-06-03 06:45:12 - sqlalchemy.engine.Engine - INFO - base.py:1846 - CREATE UNIQUE INDEX ix_users_email ON users (email)
2026-06-03 06:45:12 - sqlalchemy.engine.Engine - INFO - base.py:1846 - [no key 0.00018s] ()
2026-06-03 06:45:12 - sqlalchemy.engine.Engine - INFO - base.py:1846 - 
CREATE TABLE robots (
	id INTEGER NOT NULL, 
	name VARCHAR NOT NULL, 
	robot_type VARCHAR(6), 
	status VARCHAR, 
	serial_number VARCHAR NOT NULL, 
	capabilities VARCHAR, 
	created_at DATETIME DEFAULT (CURRENT_TIMESTAMP), 
	PRIMARY KEY (id), 
	UNIQUE (serial_number)
)


2026-06-03 06:45:12 - sqlalchemy.engine.Engine - INFO - base.py:1846 - [no key 0.00014s] ()
2026-06-03 06:45:12 - sqlalchemy.engine.Engine - INFO - base.py:1846 - CREATE INDEX ix_robots_id ON robots (id)
2026-06-03 06:45:12 - sqlalchemy.engine.Engine - INFO - base.py:1846 - [no key 0.00017s] ()
2026-06-03 06:45:12 - sqlalchemy.engine.Engine - INFO - base.py:2707 - COMMIT
2026-06-03 06:45:12 - httpx - INFO - _client.py:1025 - HTTP Request: GET http://testserver/health "HTTP/1.1 200 OK"
2026-06-03 06:45:12 - httpx - INFO - _client.py:1025 - HTTP Request: GET http://testserver/ "HTTP/1.1 200 OK"
2026-06-03 06:45:12 - httpx - INFO - _client.py:1025 - HTTP Request: GET http://testserver/api/v1/health/ "HTTP/1.1 200 OK"
2026-06-03 06:45:12 - httpx - INFO - _client.py:1025 - HTTP Request: GET http://testserver/api/v1/terminals/mcdonalds "HTTP/1.1 200 OK"
2026-06-03 06:45:12 - httpx - INFO - _client.py:1025 - HTTP Request: GET http://testserver/api/v1/terminals/grocery/regression "HTTP/1.1 200 OK"
2026-06-03 06:45:19 - sqlalchemy.engine.Engine - INFO - base.py:2701 - BEGIN (implicit)
2026-06-03 06:45:19 - sqlalchemy.engine.Engine - INFO - base.py:1846 - PRAGMA main.table_info("users")
2026-06-03 06:45:19 - sqlalchemy.engine.Engine - INFO - base.py:1846 - [raw sql] ()
2026-06-03 06:45:19 - sqlalchemy.engine.Engine - INFO - base.py:1846 - PRAGMA temp.table_info("users")
2026-06-03 06:45:19 - sqlalchemy.engine.Engine - INFO - base.py:1846 - [raw sql] ()
2026-06-03 06:45:19 - sqlalchemy.engine.Engine - INFO - base.py:1846 - PRAGMA main.table_info("robots")
2026-06-03 06:45:19 - sqlalchemy.engine.Engine - INFO - base.py:1846 - [raw sql] ()
2026-06-03 06:45:19 - sqlalchemy.engine.Engine - INFO - base.py:1846 - PRAGMA temp.table_info("robots")
2026-06-03 06:45:19 - sqlalchemy.engine.Engine - INFO - base.py:1846 - [raw sql] ()
2026-06-03 06:45:19 - sqlalchemy.engine.Engine - INFO - base.py:1846 - 
CREATE TABLE users (
	id INTEGER NOT NULL, 
	email VARCHAR(255) NOT NULL, 
	hashed_password VARCHAR(255) NOT NULL, 
	is_active BOOLEAN, 
	refresh_token_hash VARCHAR(64), 
	refresh_token_expires_at DATETIME, 
	created_at DATETIME DEFAULT (CURRENT_TIMESTAMP), 
	PRIMARY KEY (id)
)


2026-06-03 06:45:19 - sqlalchemy.engine.Engine - INFO - base.py:1846 - [no key 0.00025s] ()
2026-06-03 06:45:19 - sqlalchemy.engine.Engine - INFO - base.py:1846 - CREATE INDEX ix_users_id ON users (id)
2026-06-03 06:45:19 - sqlalchemy.engine.Engine - INFO - base.py:1846 - [no key 0.00020s] ()
2026-06-03 06:45:19 - sqlalchemy.engine.Engine - INFO - base.py:1846 - CREATE UNIQUE INDEX ix_users_email ON users (email)
2026-06-03 06:45:19 - sqlalchemy.engine.Engine - INFO - base.py:1846 - [no key 0.00021s] ()
2026-06-03 06:45:19 - sqlalchemy.engine.Engine - INFO - base.py:1846 - 
CREATE TABLE robots (
	id INTEGER NOT NULL, 
	name VARCHAR NOT NULL, 
	robot_type VARCHAR(6), 
	status VARCHAR, 
	serial_number VARCHAR NOT NULL, 
	capabilities VARCHAR, 
	created_at DATETIME DEFAULT (CURRENT_TIMESTAMP), 
	PRIMARY KEY (id), 
	UNIQUE (serial_number)
)


2026-06-03 06:45:19 - sqlalchemy.engine.Engine - INFO - base.py:1846 - [no key 0.00031s] ()
2026-06-03 06:45:19 - sqlalchemy.engine.Engine - INFO - base.py:1846 - CREATE INDEX ix_robots_id ON robots (id)
2026-06-03 06:45:19 - sqlalchemy.engine.Engine - INFO - base.py:1846 - [no key 0.00046s] ()
2026-06-03 06:45:19 - sqlalchemy.engine.Engine - INFO - base.py:2707 - COMMIT
2026-06-03 06:45:20 - app.services.auth_service - INFO - logger.py:45 - AuthService initialized
2026-06-03 06:45:20 - app.services.auth_service - INFO - logger.py:45 - Registration attempt - email=test@example.com
2026-06-03 06:45:20 - app.services.auth_service - INFO - logger.py:45 - User registered successfully - user_id=1, email=test@example.com
2026-06-03 06:45:20 - app.services.auth_service - INFO - logger.py:45 - AuthService initialized
2026-06-03 06:45:20 - app.services.auth_service - INFO - logger.py:45 - Registration attempt - email=test@example.com
2026-06-03 06:45:20 - app.services.auth_service - WARNING - logger.py:45 - Registration failed - email already exists - email=test@example.com
2026-06-03 06:45:20 - app.services.auth_service - INFO - logger.py:45 - AuthService initialized
2026-06-03 06:45:20 - app.services.auth_service - INFO - logger.py:45 - Login attempt - email=test@example.com
2026-06-03 06:45:20 - app.services.auth_service - INFO - logger.py:45 - User authenticated successfully - user_id=1, email=test@example.com
2026-06-03 06:45:20 - app.services.auth_service - INFO - logger.py:45 - AuthService initialized
2026-06-03 06:45:20 - app.services.auth_service - INFO - logger.py:45 - Login attempt - email=test@example.com
2026-06-03 06:45:20 - app.services.auth_service - WARNING - logger.py:45 - Login failed - invalid password - email=test@example.com
2026-06-03 06:45:20 - app.services.auth_service - INFO - logger.py:45 - AuthService initialized
2026-06-03 06:45:20 - app.services.auth_service - INFO - logger.py:45 - Login attempt - email=ghost@example.com
2026-06-03 06:45:20 - app.services.auth_service - WARNING - logger.py:45 - Login failed - user not found - email=ghost@example.com
2026-06-03 06:45:20 - app.services.auth_service - INFO - logger.py:45 - AuthService initialized
2026-06-03 06:45:20 - app.services.auth_service - INFO - logger.py:45 - Token refresh attempt
2026-06-03 06:45:20 - app.services.auth_service - WARNING - logger.py:45 - Token refresh failed - invalid refresh token
2026-06-03 06:45:20 - app.services.auth_service - INFO - logger.py:45 - AuthService initialized
2026-06-03 06:45:20 - app.services.auth_service - INFO - logger.py:45 - User logged out - email=test@example.com
2026-06-03 06:45:20 - httpx - INFO - _client.py:1025 - HTTP Request: GET http://testserver/health "HTTP/1.1 200 OK"
2026-06-03 06:45:20 - httpx - INFO - _client.py:1025 - HTTP Request: GET http://testserver/ "HTTP/1.1 200 OK"
2026-06-03 06:45:20 - httpx - INFO - _client.py:1025 - HTTP Request: GET http://testserver/api/v1/health/ "HTTP/1.1 200 OK"
2026-06-03 06:45:20 - httpx - INFO - _client.py:1025 - HTTP Request: GET http://testserver/api/v1/terminals/mcdonalds "HTTP/1.1 200 OK"
2026-06-03 06:45:20 - httpx - INFO - _client.py:1025 - HTTP Request: GET http://testserver/api/v1/terminals/grocery/regression "HTTP/1.1 200 OK"
2026-06-03 06:45:20 - app.services.auth_service - INFO - logger.py:45 - AuthService initialized
2026-06-03 06:45:20 - app.api.v1.auth - INFO - logger.py:45 - Registration request received - email=integration@test.com
2026-06-03 06:45:20 - app.services.auth_service - INFO - logger.py:45 - Registration attempt - email=integration@test.com
2026-06-03 06:45:20 - app.services.auth_service - INFO - logger.py:45 - User registered successfully - user_id=1, email=integration@test.com
2026-06-03 06:45:20 - app.api.v1.auth - INFO - logger.py:45 - User registered successfully via API - email=integration@test.com
2026-06-03 06:45:20 - httpx - INFO - _client.py:1025 - HTTP Request: POST http://testserver/api/v1/auth/register "HTTP/1.1 201 Created"
2026-06-03 06:45:20 - app.services.auth_service - INFO - logger.py:45 - AuthService initialized
2026-06-03 06:45:20 - app.api.v1.auth - INFO - logger.py:45 - Login request received - email=integration@test.com
2026-06-03 06:45:20 - app.services.auth_service - INFO - logger.py:45 - Login attempt - email=integration@test.com
2026-06-03 06:45:20 - app.services.auth_service - INFO - logger.py:45 - User authenticated successfully - user_id=1, email=integration@test.com
2026-06-03 06:45:20 - app.services.auth_service - INFO - logger.py:45 - Generating tokens for - email=integration@test.com
2026-06-03 06:45:20 - httpx - INFO - _client.py:1025 - HTTP Request: GET http://testserver/api/v1/robots/ "HTTP/1.1 403 Forbidden"
2026-06-03 06:45:20 - app.services.auth_service - INFO - logger.py:45 - AuthService initialized
2026-06-03 06:45:20 - httpx - INFO - _client.py:1025 - HTTP Request: POST http://testserver/api/v1/auth/register "HTTP/1.1 422 Unprocessable Entity"
2026-06-03 06:45:20 - app.services.auth_service - INFO - logger.py:45 - AuthService initialized
2026-06-03 06:45:20 - app.api.v1.auth - INFO - logger.py:45 - Login request received - email=robotflow@test.com
2026-06-03 06:45:20 - app.services.auth_service - INFO - logger.py:45 - Login attempt - email=robotflow@test.com
2026-06-03 06:45:20 - app.services.auth_service - WARNING - logger.py:45 - Login failed - user not found - email=robotflow@test.com
2026-06-03 06:45:20 - app.api.v1.auth - WARNING - logger.py:45 - Login failed - Invalid credentials - email=robotflow@test.com
2026-06-03 06:45:20 - httpx - INFO - _client.py:1025 - HTTP Request: POST http://testserver/api/v1/auth/login "HTTP/1.1 401 Unauthorized"
2026-06-03 06:45:20 - httpx - INFO - _client.py:1025 - HTTP Request: GET http://testserver/api/v1/terminals/mcdonalds "HTTP/1.1 200 OK"
2026-06-03 06:45:20 - httpx - INFO - _client.py:1025 - HTTP Request: GET http://testserver/api/v1/terminals/grocery/regression "HTTP/1.1 200 OK"
2026-06-03 06:45:21 - httpx - INFO - _client.py:1025 - HTTP Request: POST http://testserver/api/v1/terminals/test "HTTP/1.1 200 OK"
2026-06-03 06:48:23 - sqlalchemy.engine.Engine - INFO - base.py:2701 - BEGIN (implicit)
2026-06-03 06:48:23 - sqlalchemy.engine.Engine - INFO - base.py:1846 - PRAGMA main.table_info("users")
2026-06-03 06:48:23 - sqlalchemy.engine.Engine - INFO - base.py:1846 - [raw sql] ()
2026-06-03 06:48:23 - sqlalchemy.engine.Engine - INFO - base.py:1846 - PRAGMA temp.table_info("users")
2026-06-03 06:48:23 - sqlalchemy.engine.Engine - INFO - base.py:1846 - [raw sql] ()
2026-06-03 06:48:23 - sqlalchemy.engine.Engine - INFO - base.py:1846 - PRAGMA main.table_info("robots")
2026-06-03 06:48:23 - sqlalchemy.engine.Engine - INFO - base.py:1846 - [raw sql] ()
2026-06-03 06:48:23 - sqlalchemy.engine.Engine - INFO - base.py:1846 - PRAGMA temp.table_info("robots")
2026-06-03 06:48:23 - sqlalchemy.engine.Engine - INFO - base.py:1846 - [raw sql] ()
2026-06-03 06:48:23 - sqlalchemy.engine.Engine - INFO - base.py:1846 - 
CREATE TABLE users (
	id INTEGER NOT NULL, 
	email VARCHAR(255) NOT NULL, 
	hashed_password VARCHAR(255) NOT NULL, 
	is_active BOOLEAN, 
	refresh_token_hash VARCHAR(64), 
	refresh_token_expires_at DATETIME, 
	created_at DATETIME DEFAULT (CURRENT_TIMESTAMP), 
	PRIMARY KEY (id)
)


2026-06-03 06:48:23 - sqlalchemy.engine.Engine - INFO - base.py:1846 - [no key 0.00012s] ()
2026-06-03 06:48:23 - sqlalchemy.engine.Engine - INFO - base.py:1846 - CREATE UNIQUE INDEX ix_users_email ON users (email)
2026-06-03 06:48:23 - sqlalchemy.engine.Engine - INFO - base.py:1846 - [no key 0.00023s] ()
2026-06-03 06:48:23 - sqlalchemy.engine.Engine - INFO - base.py:1846 - CREATE INDEX ix_users_id ON users (id)
2026-06-03 06:48:23 - sqlalchemy.engine.Engine - INFO - base.py:1846 - [no key 0.00013s] ()
2026-06-03 06:48:23 - sqlalchemy.engine.Engine - INFO - base.py:1846 - 
CREATE TABLE robots (
	id INTEGER NOT NULL, 
	name VARCHAR NOT NULL, 
	robot_type VARCHAR(6), 
	status VARCHAR, 
	serial_number VARCHAR NOT NULL, 
	capabilities VARCHAR, 
	created_at DATETIME DEFAULT (CURRENT_TIMESTAMP), 
	PRIMARY KEY (id), 
	UNIQUE (serial_number)
)


2026-06-03 06:48:23 - sqlalchemy.engine.Engine - INFO - base.py:1846 - [no key 0.00015s] ()
2026-06-03 06:48:23 - sqlalchemy.engine.Engine - INFO - base.py:1846 - CREATE INDEX ix_robots_id ON robots (id)
2026-06-03 06:48:23 - sqlalchemy.engine.Engine - INFO - base.py:1846 - [no key 0.00013s] ()
2026-06-03 06:48:23 - sqlalchemy.engine.Engine - INFO - base.py:2707 - COMMIT
2026-06-03 06:48:23 - httpx - INFO - _client.py:1025 - HTTP Request: GET http://testserver/health "HTTP/1.1 200 OK"
2026-06-03 06:48:23 - httpx - INFO - _client.py:1025 - HTTP Request: GET http://testserver/ "HTTP/1.1 200 OK"
2026-06-03 06:48:23 - httpx - INFO - _client.py:1025 - HTTP Request: GET http://testserver/api/v1/health/ "HTTP/1.1 200 OK"
2026-06-03 06:48:23 - httpx - INFO - _client.py:1025 - HTTP Request: GET http://testserver/api/v1/terminals/mcdonalds "HTTP/1.1 200 OK"
2026-06-03 06:48:23 - httpx - INFO - _client.py:1025 - HTTP Request: GET http://testserver/api/v1/terminals/grocery/regression "HTTP/1.1 200 OK"
2026-06-03 06:48:23 - httpx - INFO - _client.py:1025 - HTTP Request: POST http://testserver/api/v1/auth/register "HTTP/1.1 201 Created"
2026-06-03 06:48:23 - httpx - INFO - _client.py:1025 - HTTP Request: GET http://testserver/api/v1/robots/ "HTTP/1.1 401 Unauthorized"
2026-06-03 06:48:23 - httpx - INFO - _client.py:1025 - HTTP Request: POST http://testserver/api/v1/auth/register "HTTP/1.1 201 Created"
2026-06-03 06:48:23 - httpx - INFO - _client.py:1025 - HTTP Request: GET http://testserver/api/v1/terminals/mcdonalds "HTTP/1.1 200 OK"
2026-06-03 06:48:23 - httpx - INFO - _client.py:1025 - HTTP Request: GET http://testserver/api/v1/terminals/grocery/regression "HTTP/1.1 200 OK"
2026-06-03 06:48:24 - httpx - INFO - _client.py:1025 - HTTP Request: POST http://testserver/api/v1/terminals/test "HTTP/1.1 200 OK"
2026-06-03 06:50:06 - sqlalchemy.engine.Engine - INFO - base.py:2701 - BEGIN (implicit)
2026-06-03 06:50:06 - sqlalchemy.engine.Engine - INFO - base.py:1846 - PRAGMA main.table_info("users")
2026-06-03 06:50:06 - sqlalchemy.engine.Engine - INFO - base.py:1846 - [raw sql] ()
2026-06-03 06:50:06 - sqlalchemy.engine.Engine - INFO - base.py:1846 - PRAGMA temp.table_info("users")
2026-06-03 06:50:06 - sqlalchemy.engine.Engine - INFO - base.py:1846 - [raw sql] ()
2026-06-03 06:50:06 - sqlalchemy.engine.Engine - INFO - base.py:1846 - PRAGMA main.table_info("robots")
2026-06-03 06:50:06 - sqlalchemy.engine.Engine - INFO - base.py:1846 - [raw sql] ()
2026-06-03 06:50:06 - sqlalchemy.engine.Engine - INFO - base.py:1846 - PRAGMA temp.table_info("robots")
2026-06-03 06:50:06 - sqlalchemy.engine.Engine - INFO - base.py:1846 - [raw sql] ()
2026-06-03 06:50:06 - sqlalchemy.engine.Engine - INFO - base.py:1846 - 
CREATE TABLE users (
	id INTEGER NOT NULL, 
	email VARCHAR(255) NOT NULL, 
	hashed_password VARCHAR(255) NOT NULL, 
	is_active BOOLEAN, 
	refresh_token_hash VARCHAR(64), 
	refresh_token_expires_at DATETIME, 
	created_at DATETIME DEFAULT (CURRENT_TIMESTAMP), 
	PRIMARY KEY (id)
)


2026-06-03 06:50:06 - sqlalchemy.engine.Engine - INFO - base.py:1846 - [no key 0.00012s] ()
2026-06-03 06:50:06 - sqlalchemy.engine.Engine - INFO - base.py:1846 - CREATE UNIQUE INDEX ix_users_email ON users (email)
2026-06-03 06:50:06 - sqlalchemy.engine.Engine - INFO - base.py:1846 - [no key 0.00027s] ()
2026-06-03 06:50:06 - sqlalchemy.engine.Engine - INFO - base.py:1846 - CREATE INDEX ix_users_id ON users (id)
2026-06-03 06:50:06 - sqlalchemy.engine.Engine - INFO - base.py:1846 - [no key 0.00017s] ()
2026-06-03 06:50:06 - sqlalchemy.engine.Engine - INFO - base.py:1846 - 
CREATE TABLE robots (
	id INTEGER NOT NULL, 
	name VARCHAR NOT NULL, 
	robot_type VARCHAR(6), 
	status VARCHAR, 
	serial_number VARCHAR NOT NULL, 
	capabilities VARCHAR, 
	created_at DATETIME DEFAULT (CURRENT_TIMESTAMP), 
	PRIMARY KEY (id), 
	UNIQUE (serial_number)
)


2026-06-03 06:50:06 - sqlalchemy.engine.Engine - INFO - base.py:1846 - [no key 0.00011s] ()
2026-06-03 06:50:06 - sqlalchemy.engine.Engine - INFO - base.py:1846 - CREATE INDEX ix_robots_id ON robots (id)
2026-06-03 06:50:06 - sqlalchemy.engine.Engine - INFO - base.py:1846 - [no key 0.00012s] ()
2026-06-03 06:50:06 - sqlalchemy.engine.Engine - INFO - base.py:2707 - COMMIT
2026-06-03 06:50:07 - httpx - INFO - _client.py:1025 - HTTP Request: GET http://testserver/health "HTTP/1.1 200 OK"
2026-06-03 06:50:07 - httpx - INFO - _client.py:1025 - HTTP Request: GET http://testserver/ "HTTP/1.1 200 OK"
2026-06-03 06:50:07 - httpx - INFO - _client.py:1025 - HTTP Request: GET http://testserver/api/v1/health/ "HTTP/1.1 200 OK"
2026-06-03 06:50:07 - httpx - INFO - _client.py:1025 - HTTP Request: GET http://testserver/api/v1/terminals/mcdonalds "HTTP/1.1 200 OK"
2026-06-03 06:50:07 - httpx - INFO - _client.py:1025 - HTTP Request: GET http://testserver/api/v1/terminals/grocery/regression "HTTP/1.1 200 OK"
2026-06-03 06:50:07 - httpx - INFO - _client.py:1025 - HTTP Request: POST http://testserver/api/v1/auth/register "HTTP/1.1 201 Created"
2026-06-03 06:50:07 - httpx - INFO - _client.py:1025 - HTTP Request: POST http://testserver/api/v1/auth/login "HTTP/1.1 200 OK"
2026-06-03 06:50:07 - httpx - INFO - _client.py:1025 - HTTP Request: GET http://testserver/api/v1/robots/ "HTTP/1.1 200 OK"
2026-06-03 06:50:07 - httpx - INFO - _client.py:1025 - HTTP Request: GET http://testserver/api/v1/robots/ "HTTP/1.1 401 Unauthorized"
2026-06-03 06:50:07 - httpx - INFO - _client.py:1025 - HTTP Request: POST http://testserver/api/v1/auth/register "HTTP/1.1 201 Created"
2026-06-03 06:50:07 - httpx - INFO - _client.py:1025 - HTTP Request: POST http://testserver/api/v1/auth/login "HTTP/1.1 200 OK"
2026-06-03 06:50:07 - httpx - INFO - _client.py:1025 - HTTP Request: POST http://testserver/api/v1/robots/ "HTTP/1.1 201 Created"
2026-06-03 06:50:07 - httpx - INFO - _client.py:1025 - HTTP Request: GET http://testserver/api/v1/robots/1 "HTTP/1.1 200 OK"
2026-06-03 06:50:07 - httpx - INFO - _client.py:1025 - HTTP Request: PATCH http://testserver/api/v1/robots/1/status?status=online "HTTP/1.1 422 Unprocessable Entity"
2026-06-03 06:50:07 - httpx - INFO - _client.py:1025 - HTTP Request: GET http://testserver/api/v1/terminals/mcdonalds "HTTP/1.1 200 OK"
2026-06-03 06:50:07 - httpx - INFO - _client.py:1025 - HTTP Request: GET http://testserver/api/v1/terminals/grocery/regression "HTTP/1.1 200 OK"
2026-06-03 06:50:07 - httpx - INFO - _client.py:1025 - HTTP Request: POST http://testserver/api/v1/terminals/test "HTTP/1.1 200 OK"
2026-06-03 06:51:00 - sqlalchemy.engine.Engine - INFO - base.py:2701 - BEGIN (implicit)
2026-06-03 06:51:00 - sqlalchemy.engine.Engine - INFO - base.py:1846 - PRAGMA main.table_info("users")
2026-06-03 06:51:00 - sqlalchemy.engine.Engine - INFO - base.py:1846 - [raw sql] ()
2026-06-03 06:51:00 - sqlalchemy.engine.Engine - INFO - base.py:1846 - PRAGMA temp.table_info("users")
2026-06-03 06:51:00 - sqlalchemy.engine.Engine - INFO - base.py:1846 - [raw sql] ()
2026-06-03 06:51:00 - sqlalchemy.engine.Engine - INFO - base.py:1846 - PRAGMA main.table_info("robots")
2026-06-03 06:51:00 - sqlalchemy.engine.Engine - INFO - base.py:1846 - [raw sql] ()
2026-06-03 06:51:00 - sqlalchemy.engine.Engine - INFO - base.py:1846 - PRAGMA temp.table_info("robots")
2026-06-03 06:51:00 - sqlalchemy.engine.Engine - INFO - base.py:1846 - [raw sql] ()
2026-06-03 06:51:00 - sqlalchemy.engine.Engine - INFO - base.py:1846 - 
CREATE TABLE users (
	id INTEGER NOT NULL, 
	email VARCHAR(255) NOT NULL, 
	hashed_password VARCHAR(255) NOT NULL, 
	is_active BOOLEAN, 
	refresh_token_hash VARCHAR(64), 
	refresh_token_expires_at DATETIME, 
	created_at DATETIME DEFAULT (CURRENT_TIMESTAMP), 
	PRIMARY KEY (id)
)


2026-06-03 06:51:00 - sqlalchemy.engine.Engine - INFO - base.py:1846 - [no key 0.00012s] ()
2026-06-03 06:51:00 - sqlalchemy.engine.Engine - INFO - base.py:1846 - CREATE UNIQUE INDEX ix_users_email ON users (email)
2026-06-03 06:51:00 - sqlalchemy.engine.Engine - INFO - base.py:1846 - [no key 0.00025s] ()
2026-06-03 06:51:00 - sqlalchemy.engine.Engine - INFO - base.py:1846 - CREATE INDEX ix_users_id ON users (id)
2026-06-03 06:51:00 - sqlalchemy.engine.Engine - INFO - base.py:1846 - [no key 0.00017s] ()
2026-06-03 06:51:00 - sqlalchemy.engine.Engine - INFO - base.py:1846 - 
CREATE TABLE robots (
	id INTEGER NOT NULL, 
	name VARCHAR NOT NULL, 
	robot_type VARCHAR(6), 
	status VARCHAR, 
	serial_number VARCHAR NOT NULL, 
	capabilities VARCHAR, 
	created_at DATETIME DEFAULT (CURRENT_TIMESTAMP), 
	PRIMARY KEY (id), 
	UNIQUE (serial_number)
)


2026-06-03 06:51:00 - sqlalchemy.engine.Engine - INFO - base.py:1846 - [no key 0.00012s] ()
2026-06-03 06:51:00 - sqlalchemy.engine.Engine - INFO - base.py:1846 - CREATE INDEX ix_robots_id ON robots (id)
2026-06-03 06:51:00 - sqlalchemy.engine.Engine - INFO - base.py:1846 - [no key 0.00013s] ()
2026-06-03 06:51:00 - sqlalchemy.engine.Engine - INFO - base.py:2707 - COMMIT
2026-06-03 06:51:01 - httpx - INFO - _client.py:1025 - HTTP Request: GET http://testserver/health "HTTP/1.1 200 OK"
2026-06-03 06:51:01 - httpx - INFO - _client.py:1025 - HTTP Request: GET http://testserver/ "HTTP/1.1 200 OK"
2026-06-03 06:51:01 - httpx - INFO - _client.py:1025 - HTTP Request: GET http://testserver/api/v1/health/ "HTTP/1.1 200 OK"
2026-06-03 06:51:01 - httpx - INFO - _client.py:1025 - HTTP Request: GET http://testserver/api/v1/terminals/mcdonalds "HTTP/1.1 200 OK"
2026-06-03 06:51:01 - httpx - INFO - _client.py:1025 - HTTP Request: GET http://testserver/api/v1/terminals/grocery/regression "HTTP/1.1 200 OK"
2026-06-03 06:51:01 - httpx - INFO - _client.py:1025 - HTTP Request: POST http://testserver/api/v1/auth/register "HTTP/1.1 201 Created"
2026-06-03 06:51:01 - httpx - INFO - _client.py:1025 - HTTP Request: POST http://testserver/api/v1/auth/login "HTTP/1.1 200 OK"
2026-06-03 06:51:01 - httpx - INFO - _client.py:1025 - HTTP Request: GET http://testserver/api/v1/robots/ "HTTP/1.1 200 OK"
2026-06-03 06:51:01 - httpx - INFO - _client.py:1025 - HTTP Request: GET http://testserver/api/v1/robots/ "HTTP/1.1 401 Unauthorized"
2026-06-03 06:51:01 - httpx - INFO - _client.py:1025 - HTTP Request: POST http://testserver/api/v1/auth/register "HTTP/1.1 201 Created"
2026-06-03 06:51:01 - httpx - INFO - _client.py:1025 - HTTP Request: POST http://testserver/api/v1/auth/login "HTTP/1.1 200 OK"
2026-06-03 06:51:01 - httpx - INFO - _client.py:1025 - HTTP Request: POST http://testserver/api/v1/robots/ "HTTP/1.1 201 Created"
2026-06-03 06:51:01 - httpx - INFO - _client.py:1025 - HTTP Request: GET http://testserver/api/v1/robots/1 "HTTP/1.1 200 OK"
2026-06-03 06:51:01 - httpx - INFO - _client.py:1025 - HTTP Request: PATCH http://testserver/api/v1/robots/1/status?status=online "HTTP/1.1 422 Unprocessable Entity"
2026-06-03 06:51:01 - httpx - INFO - _client.py:1025 - HTTP Request: GET http://testserver/api/v1/terminals/mcdonalds "HTTP/1.1 200 OK"
2026-06-03 06:51:01 - httpx - INFO - _client.py:1025 - HTTP Request: GET http://testserver/api/v1/terminals/grocery/regression "HTTP/1.1 200 OK"
2026-06-03 06:51:01 - httpx - INFO - _client.py:1025 - HTTP Request: POST http://testserver/api/v1/terminals/test "HTTP/1.1 200 OK"
2026-06-03 06:53:09 - sqlalchemy.engine.Engine - INFO - base.py:2701 - BEGIN (implicit)
2026-06-03 06:53:09 - sqlalchemy.engine.Engine - INFO - base.py:1846 - PRAGMA main.table_info("users")
2026-06-03 06:53:09 - sqlalchemy.engine.Engine - INFO - base.py:1846 - [raw sql] ()
2026-06-03 06:53:09 - sqlalchemy.engine.Engine - INFO - base.py:1846 - PRAGMA temp.table_info("users")
2026-06-03 06:53:09 - sqlalchemy.engine.Engine - INFO - base.py:1846 - [raw sql] ()
2026-06-03 06:53:09 - sqlalchemy.engine.Engine - INFO - base.py:1846 - PRAGMA main.table_info("robots")
2026-06-03 06:53:09 - sqlalchemy.engine.Engine - INFO - base.py:1846 - [raw sql] ()
2026-06-03 06:53:09 - sqlalchemy.engine.Engine - INFO - base.py:1846 - PRAGMA temp.table_info("robots")
2026-06-03 06:53:09 - sqlalchemy.engine.Engine - INFO - base.py:1846 - [raw sql] ()
2026-06-03 06:53:09 - sqlalchemy.engine.Engine - INFO - base.py:1846 - 
CREATE TABLE users (
	id INTEGER NOT NULL, 
	email VARCHAR(255) NOT NULL, 
	hashed_password VARCHAR(255) NOT NULL, 
	is_active BOOLEAN, 
	refresh_token_hash VARCHAR(64), 
	refresh_token_expires_at DATETIME, 
	created_at DATETIME DEFAULT (CURRENT_TIMESTAMP), 
	PRIMARY KEY (id)
)


2026-06-03 06:53:09 - sqlalchemy.engine.Engine - INFO - base.py:1846 - [no key 0.00012s] ()
2026-06-03 06:53:09 - sqlalchemy.engine.Engine - INFO - base.py:1846 - CREATE UNIQUE INDEX ix_users_email ON users (email)
2026-06-03 06:53:09 - sqlalchemy.engine.Engine - INFO - base.py:1846 - [no key 0.00026s] ()
2026-06-03 06:53:09 - sqlalchemy.engine.Engine - INFO - base.py:1846 - CREATE INDEX ix_users_id ON users (id)
2026-06-03 06:53:09 - sqlalchemy.engine.Engine - INFO - base.py:1846 - [no key 0.00014s] ()
2026-06-03 06:53:09 - sqlalchemy.engine.Engine - INFO - base.py:1846 - 
CREATE TABLE robots (
	id INTEGER NOT NULL, 
	name VARCHAR NOT NULL, 
	robot_type VARCHAR(6), 
	status VARCHAR, 
	serial_number VARCHAR NOT NULL, 
	capabilities VARCHAR, 
	created_at DATETIME DEFAULT (CURRENT_TIMESTAMP), 
	PRIMARY KEY (id), 
	UNIQUE (serial_number)
)


2026-06-03 06:53:09 - sqlalchemy.engine.Engine - INFO - base.py:1846 - [no key 0.00012s] ()
2026-06-03 06:53:09 - sqlalchemy.engine.Engine - INFO - base.py:1846 - CREATE INDEX ix_robots_id ON robots (id)
2026-06-03 06:53:09 - sqlalchemy.engine.Engine - INFO - base.py:1846 - [no key 0.00012s] ()
2026-06-03 06:53:09 - sqlalchemy.engine.Engine - INFO - base.py:2707 - COMMIT
2026-06-03 06:53:09 - httpx - INFO - _client.py:1025 - HTTP Request: GET http://testserver/health "HTTP/1.1 200 OK"
2026-06-03 06:53:09 - httpx - INFO - _client.py:1025 - HTTP Request: GET http://testserver/ "HTTP/1.1 200 OK"
2026-06-03 06:53:09 - httpx - INFO - _client.py:1025 - HTTP Request: GET http://testserver/api/v1/health/ "HTTP/1.1 200 OK"
2026-06-03 06:53:09 - httpx - INFO - _client.py:1025 - HTTP Request: GET http://testserver/api/v1/terminals/mcdonalds "HTTP/1.1 200 OK"
2026-06-03 06:53:09 - httpx - INFO - _client.py:1025 - HTTP Request: GET http://testserver/api/v1/terminals/grocery/regression "HTTP/1.1 200 OK"
2026-06-03 06:53:09 - httpx - INFO - _client.py:1025 - HTTP Request: POST http://testserver/api/v1/auth/register "HTTP/1.1 201 Created"
2026-06-03 06:53:09 - httpx - INFO - _client.py:1025 - HTTP Request: POST http://testserver/api/v1/auth/login "HTTP/1.1 200 OK"
2026-06-03 06:53:09 - httpx - INFO - _client.py:1025 - HTTP Request: GET http://testserver/api/v1/robots/ "HTTP/1.1 200 OK"
2026-06-03 06:53:09 - httpx - INFO - _client.py:1025 - HTTP Request: GET http://testserver/api/v1/robots/ "HTTP/1.1 401 Unauthorized"
2026-06-03 06:53:09 - httpx - INFO - _client.py:1025 - HTTP Request: POST http://testserver/api/v1/auth/register "HTTP/1.1 201 Created"
2026-06-03 06:53:09 - httpx - INFO - _client.py:1025 - HTTP Request: POST http://testserver/api/v1/auth/login "HTTP/1.1 200 OK"
2026-06-03 06:53:10 - httpx - INFO - _client.py:1025 - HTTP Request: POST http://testserver/api/v1/robots/ "HTTP/1.1 201 Created"
2026-06-03 06:53:10 - httpx - INFO - _client.py:1025 - HTTP Request: GET http://testserver/api/v1/robots/1 "HTTP/1.1 200 OK"
2026-06-03 06:53:10 - httpx - INFO - _client.py:1025 - HTTP Request: PATCH http://testserver/api/v1/robots/1/status?status=online "HTTP/1.1 200 OK"
2026-06-03 06:53:10 - httpx - INFO - _client.py:1025 - HTTP Request: DELETE http://testserver/api/v1/robots/1 "HTTP/1.1 204 No Content"
2026-06-03 06:53:10 - httpx - INFO - _client.py:1025 - HTTP Request: GET http://testserver/api/v1/robots/1 "HTTP/1.1 404 Not Found"
2026-06-03 06:53:10 - httpx - INFO - _client.py:1025 - HTTP Request: GET http://testserver/api/v1/terminals/mcdonalds "HTTP/1.1 200 OK"
2026-06-03 06:53:10 - httpx - INFO - _client.py:1025 - HTTP Request: GET http://testserver/api/v1/terminals/grocery/regression "HTTP/1.1 200 OK"
2026-06-03 06:53:10 - httpx - INFO - _client.py:1025 - HTTP Request: POST http://testserver/api/v1/terminals/test "HTTP/1.1 200 OK"
